Docking Task Creation: 0.0969488730000001 seconds
Network Call Docking: 0.0070590972900390625 seconds
Vina Init: 0.2585377220002556 seconds
Network Call Compute: 0.003542184829711914 seconds
Batch Size: 10
Docking Process Time: 116.94062649199986 seconds
Docking Time: 15.319978713989258 seconds
Network Call Compute: 0.0076389312744140625 seconds
Time taken for uploading result to server: 8.335523239000395 seconds
Batch Size: 91
Docking Process Time: 1115.1944660520003 seconds
Docking Time: 145.79435777664185 seconds
Network Call Compute: 0.019932985305786133 seconds
Time taken for uploading result to server: 36.887807713001166 seconds
Batch Size: 140
Docking Process Time: 1901.4116637709994 seconds
Docking Time: 248.2519176006317 seconds
Network Call Compute: 0.009110689163208008 seconds
Time taken for uploading result to server: 22.768367333999777 seconds
Batch Size: 165
Docking Process Time: 2195.7224559040005 seconds
Docking Time: 286.3176074028015 seconds
Network Call Compute: 0.010783195495605469 seconds
Time taken for uploading result to server: 21.455491304001043 seconds
Batch Size: 190
Docking Process Time: 2471.462301918 seconds
Docking Time: 322.9288375377655 seconds
Network Call Compute: 0.010326385498046875 seconds
Time taken for uploading result to server: 13.130736985000112 seconds
Batch Size: 206
Docking Process Time: 2605.8768363050003 seconds
Docking Time: 341.5142090320587 seconds
Network Call Compute: 0.011308908462524414 seconds
Time taken for uploading result to server: 31.615393443000357 seconds
Batch Size: 222
Docking Process Time: 3148.8953717570002 seconds
Docking Time: 409.63423109054565 seconds
Network Call Compute: 0.011951923370361328 seconds
Time taken for uploading result to server: 16.925897275999887 seconds
Batch Size: 231
Docking Process Time: 3043.385902152 seconds
Docking Time: 399.56572794914246 seconds
Network Call Compute: 0.010195016860961914 seconds
Time taken for uploading result to server: 11.650990890997491 seconds
Batch Size: 240
Docking Process Time: 2982.9756916029983 seconds
Docking Time: 389.83513259887695 seconds
Network Call Compute: 0.012022972106933594 seconds
Time taken for uploading result to server: 13.776802555003087 seconds
Batch Size: 249
Docking Process Time: 3349.7315828770006 seconds
Docking Time: 437.7876102924347 seconds
Network Call Compute: 0.006436824798583984 seconds
Time taken for uploading result to server: 15.242375164001714 seconds
Batch Size: 69
Docking Process Time: 943.4786598080027 seconds
Docking Time: 123.13776016235352 seconds
Network Call Compute: 0.023990869522094727 seconds
Docking Finished: docking_id({self.docking_id})
Time taken for uploading result to server: 0.008282933995360509 seconds
